C:\Program Files\Microsoft Visual Studio\2022\Community\MSBuild\Microsoft\VC\v170\Microsoft.CppBuild.targets(517,5): warning MSB8028: Das Zwischenverzeichnis (x64\Debug\) enthält freigegebene Dateien aus einem anderen Projekt (OpenGL-Learning.vcxproj, Template.vcxproj). Dies kann zu einem falschen Bereinigungs- und Neuerstellungsverhalten führen.
  Mapper.cpp
C:\Program Files (x86)\Windows Kits\10\Include\10.0.22000.0\shared\minwindef.h(130,1): warning C4005: "APIENTRY": Makro-Neudefinition
C:\Git\UV-Mapper\Dependencies\glfw\include\GLFW\glfw3.h(123,1): message : Siehe vorherige Definition von "APIENTRY"
C:\Git\UV-Mapper\OpenGL-Learning\src\mapper\helper\CustomRenderer.h(38,13): warning C4244: "*=": Konvertierung von "float" in "int", möglicher Datenverlust
C:\Git\UV-Mapper\OpenGL-Learning\src\mapper\helper\CustomRenderer.h(530,18): warning C4244: "Initialisierung": Konvertierung von "float" in "int", möglicher Datenverlust
C:\Git\UV-Mapper\OpenGL-Learning\src\mapper\helper\CustomRenderer.h(627,1): warning C4267: "Argument": Konvertierung von "size_t" nach "int", Datenverlust möglich
C:\Git\UV-Mapper\OpenGL-Learning\src\mapper\core\Mapper.cpp(65,15): warning C4244: "Initialisierung": Konvertierung von "float" in "size_t", möglicher Datenverlust
C:\Git\UV-Mapper\OpenGL-Learning\src\mapper\core\Mapper.cpp(82,46): warning C4244: "Argument": Konvertierung von "T" in "const size_t", möglicher Datenverlust
          with
          [
              T=float
          ]
C:\Git\UV-Mapper\OpenGL-Learning\src\mapper\core\Mapper.cpp(88,46): warning C4244: "Argument": Konvertierung von "T" in "const size_t", möglicher Datenverlust
          with
          [
              T=float
          ]
C:\Git\UV-Mapper\OpenGL-Learning\src\mapper\core\Mapper.cpp(311,45): warning C4244: "=": Konvertierung von "T" in "T", möglicher Datenverlust
          with
          [
              T=int
          ]
          and
          [
              T=float
          ]
C:\Git\UV-Mapper\OpenGL-Learning\src\mapper\core\Mapper.cpp(312,45): warning C4244: "=": Konvertierung von "T" in "T", möglicher Datenverlust
          with
          [
              T=int
          ]
          and
          [
              T=float
          ]
C:\Git\UV-Mapper\OpenGL-Learning\src\mapper\core\Mapper.cpp(335,53): warning C4244: "+=": Konvertierung von "double" in "T", möglicher Datenverlust
          with
          [
              T=float
          ]
C:\Git\UV-Mapper\OpenGL-Learning\src\mapper\core\Mapper.cpp(336,53): warning C4244: "+=": Konvertierung von "double" in "T", möglicher Datenverlust
          with
          [
              T=float
          ]
C:\Git\UV-Mapper\OpenGL-Learning\src\mapper\core\Mapper.cpp(379,10): warning C4244: "Initialisierung": Konvertierung von "double" in "float", möglicher Datenverlust
C:\Git\UV-Mapper\OpenGL-Learning\src\mapper\core\Mapper.cpp(380,10): warning C4244: "Initialisierung": Konvertierung von "double" in "float", möglicher Datenverlust
  OpenGL-Learning.vcxproj -> C:\Git\UV-Mapper\x64\Debug\UVMapper.exe
