c:\git\opengl-batchtemplate\opengl-learning\x64\debug\vc143.pdb
c:\git\opengl-batchtemplate\opengl-learning\x64\debug\vc143.idb
c:\git\opengl-batchtemplate\opengl-learning\x64\debug\vertexbufferlayout.obj
c:\git\opengl-batchtemplate\opengl-learning\x64\debug\vertexbuffer.obj
c:\git\opengl-batchtemplate\opengl-learning\x64\debug\vertexarray.obj
c:\git\opengl-batchtemplate\opengl-learning\x64\debug\indexbuffer.obj
c:\git\opengl-batchtemplate\opengl-learning\x64\debug\texture.obj
c:\git\opengl-batchtemplate\opengl-learning\x64\debug\shader.obj
c:\git\opengl-batchtemplate\opengl-learning\x64\debug\renderer.obj
c:\git\opengl-batchtemplate\opengl-learning\x64\debug\main.obj
c:\git\opengl-batchtemplate\opengl-learning\x64\debug\mesh.obj
c:\git\opengl-batchtemplate\opengl-learning\x64\debug\model3d.obj
c:\git\opengl-batchtemplate\opengl-learning\x64\debug\stb_image.obj
c:\git\opengl-batchtemplate\opengl-learning\x64\debug\imgui_widgets.obj
c:\git\opengl-batchtemplate\opengl-learning\x64\debug\imgui_tables.obj
c:\git\opengl-batchtemplate\opengl-learning\x64\debug\imgui_draw.obj
c:\git\opengl-batchtemplate\opengl-learning\x64\debug\imgui_demo.obj
c:\git\opengl-batchtemplate\opengl-learning\x64\debug\imgui.obj
c:\git\opengl-batchtemplate\opengl-learning\x64\debug\glm.obj
c:\git\opengl-batchtemplate\opengl-learning\x64\debug\imgui_impl_opengl3.obj
c:\git\opengl-batchtemplate\opengl-learning\x64\debug\imgui_impl_glfw.obj
c:\git\opengl-batchtemplate\x64\debug\template.pdb
c:\git\opengl-batchtemplate\opengl-learning\x64\debug\template.tlog\cl.command.1.tlog
c:\git\opengl-batchtemplate\opengl-learning\x64\debug\template.tlog\cl.read.1.tlog
c:\git\opengl-batchtemplate\opengl-learning\x64\debug\template.tlog\cl.write.1.tlog
c:\git\opengl-batchtemplate\opengl-learning\x64\debug\template.tlog\link.41108-cvtres.read.1.tlog
c:\git\opengl-batchtemplate\opengl-learning\x64\debug\template.tlog\link.41108-cvtres.write.1.tlog
c:\git\opengl-batchtemplate\opengl-learning\x64\debug\template.tlog\link.41108-rc.read.1.tlog
c:\git\opengl-batchtemplate\opengl-learning\x64\debug\template.tlog\link.41108-rc.write.1.tlog
c:\git\opengl-batchtemplate\opengl-learning\x64\debug\template.tlog\link.41108.read.1.tlog
c:\git\opengl-batchtemplate\opengl-learning\x64\debug\template.tlog\link.41108.read.2.tlog
c:\git\opengl-batchtemplate\opengl-learning\x64\debug\template.tlog\link.41108.write.1.tlog
c:\git\opengl-batchtemplate\opengl-learning\x64\debug\template.tlog\link.command.1.tlog
c:\git\opengl-batchtemplate\opengl-learning\x64\debug\template.tlog\link.read.1.tlog
c:\git\opengl-batchtemplate\opengl-learning\x64\debug\template.tlog\link.write.1.tlog
